[2019-03-15 18:05:06.647] [exthost] [info] extension host started
[2019-03-15 18:05:06.732] [exthost] [info] ExtensionService#_doActivateExtension vscode.debug-auto-launch {"startup":true,"activationEvent":"*"}
[2019-03-15 18:05:06.733] [exthost] [info] ExtensionService#loadCommonJSModule /usr/lib/code/extensions/debug-auto-launch/dist/extension
[2019-03-15 18:05:06.744] [exthost] [info] ExtensionService#_doActivateExtension vscode.emmet {"startup":true,"activationEvent":"*"}
[2019-03-15 18:05:06.744] [exthost] [info] ExtensionService#loadCommonJSModule /usr/lib/code/extensions/emmet/dist/extension
[2019-03-15 18:05:06.799] [exthost] [info] ExtensionService#_doActivateExtension vscode.git {"startup":true,"activationEvent":"*"}
[2019-03-15 18:05:06.799] [exthost] [info] ExtensionService#loadCommonJSModule /usr/lib/code/extensions/git/dist/main
[2019-03-15 18:05:07.087] [exthost] [info] ExtensionService#_doActivateExtension vscode.merge-conflict {"startup":true,"activationEvent":"*"}
[2019-03-15 18:05:07.088] [exthost] [info] ExtensionService#loadCommonJSModule /usr/lib/code/extensions/merge-conflict/dist/extension
[2019-03-15 18:05:07.104] [exthost] [info] ExtensionService#_doActivateExtension ms-vscode.cpptools {"startup":true,"activationEvent":"*"}
[2019-03-15 18:05:07.104] [exthost] [info] ExtensionService#loadCommonJSModule /home/mohamed/.vscode-oss/extensions/ms-vscode.cpptools-0.21.0/out/src/main
[2019-03-15 18:05:07.521] [exthost] [info] ExtensionService#_doActivateExtension vscodevim.vim {"startup":true,"activationEvent":"*"}
[2019-03-15 18:05:07.521] [exthost] [info] ExtensionService#loadCommonJSModule /home/mohamed/.vscode-oss/extensions/vscodevim.vim-1.1.0/out/extension
[2019-03-15 18:05:08.422] [exthost] [info] ExtensionService#_doActivateExtension austin.code-gnu-global {"startup":false,"activationEvent":"onLanguage:c"}
[2019-03-15 18:05:08.422] [exthost] [info] ExtensionService#loadCommonJSModule /home/mohamed/.vscode-oss/extensions/austin.code-gnu-global-0.2.2/out/src/extension
[2019-03-15 18:05:08.465] [exthost] [info] ExtensionService#_doActivateExtension mitaki28.vscode-clang {"startup":false,"activationEvent":"onLanguage:c"}
[2019-03-15 18:05:08.465] [exthost] [info] ExtensionService#loadCommonJSModule /home/mohamed/.vscode-oss/extensions/mitaki28.vscode-clang-0.2.3/out/src/extension
[2019-03-15 18:05:08.478] [exthost] [info] eager extensions activated
[2019-03-15 18:05:56.391] [exthost] [info] ExtensionService#_doActivateExtension vscode.configuration-editing {"startup":false,"activationEvent":"onLanguage:jsonc"}
[2019-03-15 18:05:56.392] [exthost] [info] ExtensionService#loadCommonJSModule /usr/lib/code/extensions/configuration-editing/dist/extension
[2019-03-15 18:05:56.413] [exthost] [info] ExtensionService#_doActivateExtension vscode.json-language-features {"startup":false,"activationEvent":"onLanguage:jsonc"}
[2019-03-15 18:05:56.413] [exthost] [info] ExtensionService#loadCommonJSModule /usr/lib/code/extensions/json-language-features/client/dist/jsonMain
[2019-03-15 18:05:56.602] [exthost] [info] ExtensionService#_doActivateExtension vscode.typescript-language-features {"startup":false,"activationEvent":"onLanguage:jsonc"}
[2019-03-15 18:05:56.602] [exthost] [info] ExtensionService#loadCommonJSModule /usr/lib/code/extensions/typescript-language-features/dist/extension
