[2019-03-15 17:33:05.031] [exthost] [info] extension host started
[2019-03-15 17:33:05.090] [exthost] [info] ExtensionService#_doActivateExtension vscode.debug-auto-launch {"startup":true,"activationEvent":"*"}
[2019-03-15 17:33:05.090] [exthost] [info] ExtensionService#loadCommonJSModule /usr/lib/code/extensions/debug-auto-launch/dist/extension
[2019-03-15 17:33:05.099] [exthost] [info] ExtensionService#_doActivateExtension vscode.emmet {"startup":true,"activationEvent":"*"}
[2019-03-15 17:33:05.099] [exthost] [info] ExtensionService#loadCommonJSModule /usr/lib/code/extensions/emmet/dist/extension
[2019-03-15 17:33:05.142] [exthost] [info] ExtensionService#_doActivateExtension vscode.git {"startup":true,"activationEvent":"*"}
[2019-03-15 17:33:05.142] [exthost] [info] ExtensionService#loadCommonJSModule /usr/lib/code/extensions/git/dist/main
[2019-03-15 17:33:05.413] [exthost] [info] ExtensionService#_doActivateExtension vscode.merge-conflict {"startup":true,"activationEvent":"*"}
[2019-03-15 17:33:05.413] [exthost] [info] ExtensionService#loadCommonJSModule /usr/lib/code/extensions/merge-conflict/dist/extension
[2019-03-15 17:33:05.427] [exthost] [info] eager extensions activated
[2019-03-15 17:37:23.708] [exthost] [info] ExtensionService#_doActivateExtension vscodevim.vim {"startup":false,"activationEvent":"*"}
[2019-03-15 17:37:23.708] [exthost] [info] ExtensionService#loadCommonJSModule /home/mohamed/.vscode-oss/extensions/vscodevim.vim-1.1.0/out/extension
[2019-03-15 17:38:30.957] [exthost] [info] ExtensionService#_doActivateExtension mitaki28.vscode-clang {"startup":false,"activationEvent":"onLanguage:c"}
[2019-03-15 17:38:30.957] [exthost] [info] ExtensionService#loadCommonJSModule /home/mohamed/.vscode-oss/extensions/mitaki28.vscode-clang-0.2.3/out/src/extension
[2019-03-15 17:40:04.121] [exthost] [info] ExtensionService#_doActivateExtension ms-vscode.cpptools {"startup":false,"activationEvent":"*"}
[2019-03-15 17:40:04.121] [exthost] [info] ExtensionService#loadCommonJSModule /home/mohamed/.vscode-oss/extensions/ms-vscode.cpptools-0.21.0/out/src/main
[2019-03-15 17:44:51.957] [exthost] [info] ExtensionService#_doActivateExtension austin.code-gnu-global {"startup":false,"activationEvent":"onLanguage:c"}
[2019-03-15 17:44:51.957] [exthost] [info] ExtensionService#loadCommonJSModule /home/mohamed/.vscode-oss/extensions/austin.code-gnu-global-0.2.2/out/src/extension
[2019-03-15 17:55:11.001] [exthost] [info] ExtensionService#_doActivateExtension vscode.configuration-editing {"startup":false,"activationEvent":"onLanguage:jsonc"}
[2019-03-15 17:55:11.001] [exthost] [info] ExtensionService#loadCommonJSModule /usr/lib/code/extensions/configuration-editing/dist/extension
[2019-03-15 17:55:11.026] [exthost] [info] ExtensionService#_doActivateExtension vscode.json-language-features {"startup":false,"activationEvent":"onLanguage:jsonc"}
[2019-03-15 17:55:11.026] [exthost] [info] ExtensionService#loadCommonJSModule /usr/lib/code/extensions/json-language-features/client/dist/jsonMain
[2019-03-15 17:55:11.193] [exthost] [info] ExtensionService#_doActivateExtension vscode.typescript-language-features {"startup":false,"activationEvent":"onLanguage:jsonc"}
[2019-03-15 17:55:11.193] [exthost] [info] ExtensionService#loadCommonJSModule /usr/lib/code/extensions/typescript-language-features/dist/extension
[2019-03-15 17:59:55.093] [exthost] [info] ExtensionService#_doActivateExtension formulahendry.code-runner {"startup":false,"activationEvent":"onCommand:code-runner.run"}
[2019-03-15 17:59:55.093] [exthost] [info] ExtensionService#loadCommonJSModule /home/mohamed/.vscode-oss/extensions/formulahendry.code-runner-0.9.7/out/src/extension
