[2019-03-15 18:05:07.770] [renderer1] [info] no standard startup: panel is active
[2019-03-15 18:05:20.991] [renderer1] [error] Unable to write to Workspace Settings because no workspace is opened. Please open a workspace first and try again.: Error: Unable to write to Workspace Settings because no workspace is opened. Please open a workspace first and try again.
    at k.reject (file:///usr/lib/code/out/vs/workbench/workbench.main.js:4104:781)
    at k.resolveAndValidate (file:///usr/lib/code/out/vs/workbench/workbench.main.js:4107:231)
    at k.doWriteConfiguration (file:///usr/lib/code/out/vs/workbench/workbench.main.js:4102:258)
    at Object.Promise.resolve.queue.queue [as factory] (file:///usr/lib/code/out/vs/workbench/workbench.main.js:4102:51)
    at f.consume (file:///usr/lib/code/out/vs/workbench/workbench.main.js:96:968)
    at Promise (file:///usr/lib/code/out/vs/workbench/workbench.main.js:96:783)
    at new Promise (<anonymous>)
    at f.queue (file:///usr/lib/code/out/vs/workbench/workbench.main.js:96:707)
    at k.writeConfiguration (file:///usr/lib/code/out/vs/workbench/workbench.main.js:4102:36)
    at M.writeConfigurationValue (file:///usr/lib/code/out/vs/workbench/workbench.main.js:4125:346)
    at M.updateValue (file:///usr/lib/code/out/vs/workbench/workbench.main.js:4116:16)
    at u.writeConfiguration (file:///usr/lib/code/out/vs/workbench/workbench.main.js:3155:520)
    at u.$updateConfigurationOption (file:///usr/lib/code/out/vs/workbench/workbench.main.js:3155:260)
    at h._doInvokeHandler (file:///usr/lib/code/out/vs/workbench/workbench.main.js:3236:459)
    at h._invokeHandler (file:///usr/lib/code/out/vs/workbench/workbench.main.js:3236:151)
    at h._receiveRequest (file:///usr/lib/code/out/vs/workbench/workbench.main.js:3234:825)
    at h._receiveOneMessage (file:///usr/lib/code/out/vs/workbench/workbench.main.js:3233:707)
    at _protocol.onMessage.e (file:///usr/lib/code/out/vs/workbench/workbench.main.js:3231:990)
    at d.fire (file:///usr/lib/code/out/vs/workbench/workbench.main.js:73:416)
    at r (file:///usr/lib/code/out/vs/workbench/workbench.main.js:314:233)
    at e (file:///usr/lib/code/out/vs/workbench/workbench.main.js:314:279)
    at d.fire (file:///usr/lib/code/out/vs/workbench/workbench.main.js:73:416)
    at o (file:///usr/lib/code/out/vs/workbench/workbench.main.js:315:556)
    at Socket._socketDataListener.e (file:///usr/lib/code/out/vs/workbench/workbench.main.js:315:762)
    at Socket.emit (events.js:182:13)
    at addChunk (_stream_readable.js:279:12)
    at readableAddChunk (_stream_readable.js:264:11)
    at Socket.Readable.push (_stream_readable.js:219:10)
    at Pipe.onread (net.js:636:20)
