[2019-03-15 19:29:02.171] [exthost] [info] extension host started
[2019-03-15 19:29:02.242] [exthost] [info] ExtensionService#_doActivateExtension vscode.debug-auto-launch {"startup":true,"activationEvent":"*"}
[2019-03-15 19:29:02.242] [exthost] [info] ExtensionService#loadCommonJSModule /usr/lib/code/extensions/debug-auto-launch/dist/extension
[2019-03-15 19:29:02.254] [exthost] [info] ExtensionService#_doActivateExtension vscode.emmet {"startup":true,"activationEvent":"*"}
[2019-03-15 19:29:02.254] [exthost] [info] ExtensionService#loadCommonJSModule /usr/lib/code/extensions/emmet/dist/extension
[2019-03-15 19:29:02.302] [exthost] [info] ExtensionService#_doActivateExtension vscode.git {"startup":true,"activationEvent":"*"}
[2019-03-15 19:29:02.302] [exthost] [info] ExtensionService#loadCommonJSModule /usr/lib/code/extensions/git/dist/main
[2019-03-15 19:29:02.595] [exthost] [info] ExtensionService#_doActivateExtension vscode.merge-conflict {"startup":true,"activationEvent":"*"}
[2019-03-15 19:29:02.595] [exthost] [info] ExtensionService#loadCommonJSModule /usr/lib/code/extensions/merge-conflict/dist/extension
[2019-03-15 19:29:02.610] [exthost] [info] ExtensionService#_doActivateExtension vscodevim.vim {"startup":true,"activationEvent":"*"}
[2019-03-15 19:29:02.610] [exthost] [info] ExtensionService#loadCommonJSModule /home/mohamed/.vscode-oss/extensions/vscodevim.vim-1.1.0/out/extension
[2019-03-15 19:29:03.593] [exthost] [info] ExtensionService#_doActivateExtension austin.code-gnu-global {"startup":false,"activationEvent":"onLanguage:c"}
[2019-03-15 19:29:03.593] [exthost] [info] ExtensionService#loadCommonJSModule /home/mohamed/.vscode-oss/extensions/austin.code-gnu-global-0.2.2/out/src/extension
[2019-03-15 19:29:03.644] [exthost] [info] ExtensionService#_doActivateExtension mitaki28.vscode-clang {"startup":false,"activationEvent":"onLanguage:c"}
[2019-03-15 19:29:03.644] [exthost] [info] ExtensionService#loadCommonJSModule /home/mohamed/.vscode-oss/extensions/mitaki28.vscode-clang-0.2.3/out/src/extension
[2019-03-15 19:29:03.659] [exthost] [info] ExtensionService#_doActivateExtension ms-vscode.cpptools {"startup":false,"activationEvent":"onLanguage:c"}
[2019-03-15 19:29:03.659] [exthost] [info] ExtensionService#loadCommonJSModule /home/mohamed/.vscode-oss/extensions/ms-vscode.cpptools-0.21.0/out/src/main
[2019-03-15 19:29:04.106] [exthost] [info] eager extensions activated
[2019-03-15 19:29:58.701] [exthost] [info] ExtensionService#_doActivateExtension vscode.configuration-editing {"startup":false,"activationEvent":"onLanguage:jsonc"}
[2019-03-15 19:29:58.702] [exthost] [info] ExtensionService#loadCommonJSModule /usr/lib/code/extensions/configuration-editing/dist/extension
[2019-03-15 19:29:58.732] [exthost] [info] ExtensionService#_doActivateExtension vscode.json-language-features {"startup":false,"activationEvent":"onLanguage:jsonc"}
[2019-03-15 19:29:58.732] [exthost] [info] ExtensionService#loadCommonJSModule /usr/lib/code/extensions/json-language-features/client/dist/jsonMain
[2019-03-15 19:29:58.907] [exthost] [info] ExtensionService#_doActivateExtension vscode.typescript-language-features {"startup":false,"activationEvent":"onLanguage:jsonc"}
[2019-03-15 19:29:58.907] [exthost] [info] ExtensionService#loadCommonJSModule /usr/lib/code/extensions/typescript-language-features/dist/extension
[2019-03-15 19:34:36.367] [exthost] [info] ExtensionService#_doActivateExtension formulahendry.code-runner {"startup":false,"activationEvent":"onCommand:code-runner.run"}
[2019-03-15 19:34:36.367] [exthost] [info] ExtensionService#loadCommonJSModule /home/mohamed/.vscode-oss/extensions/formulahendry.code-runner-0.9.7/out/src/extension
[2019-03-15 19:34:56.235] [exthost] [info] ExtensionService#_doActivateExtension jevakallio.vscode-hacker-typer {"startup":false,"activationEvent":"onCommand:jevakallio.vscode-hacker-typer.recordMacro"}
[2019-03-15 19:34:56.235] [exthost] [info] ExtensionService#loadCommonJSModule /home/mohamed/.vscode-oss/extensions/jevakallio.vscode-hacker-typer-0.1.1/out/extension
[2019-03-15 19:36:08.955] [exthost] [error] Error: command 'jevakallio.vscode-hacker-typer.insertNamedStop' already exists
	at d.registerCommand (/usr/lib/code/out/vs/workbench/services/extensions/node/extensionHostProcess.js:456:142)
	at Object.registerCommand (/usr/lib/code/out/vs/workbench/services/extensions/node/extensionHostProcess.js:668:251)
	at new Recorder (/home/mohamed/.vscode-oss/extensions/jevakallio.vscode-hacker-typer-0.1.1/out/Recorder.js:16:49)
	at register (/home/mohamed/.vscode-oss/extensions/jevakallio.vscode-hacker-typer-0.1.1/out/Recorder.js:35:30)
	at d._executeContributedCommand (/usr/lib/code/out/vs/workbench/services/extensions/node/extensionHostProcess.js:457:160)
	at d.$executeContributedCommand (/usr/lib/code/out/vs/workbench/services/extensions/node/extensionHostProcess.js:457:534)
	at h._doInvokeHandler (/usr/lib/code/out/vs/workbench/services/extensions/node/extensionHostProcess.js:593:118)
	at h._invokeHandler (/usr/lib/code/out/vs/workbench/services/extensions/node/extensionHostProcess.js:592:777)
	at h._receiveRequest (/usr/lib/code/out/vs/workbench/services/extensions/node/extensionHostProcess.js:591:436)
	at h._receiveOneMessage (/usr/lib/code/out/vs/workbench/services/extensions/node/extensionHostProcess.js:590:279)
	at define.constructor._protocol.onMessage.e (/usr/lib/code/out/vs/workbench/services/extensions/node/extensionHostProcess.js:588:565)
	at u.fire (/usr/lib/code/out/vs/workbench/services/extensions/node/extensionHostProcess.js:43:254)
	at e (/usr/lib/code/out/vs/workbench/services/extensions/node/extensionHostProcess.js:39:64)
	at u.fire (/usr/lib/code/out/vs/workbench/services/extensions/node/extensionHostProcess.js:43:254)
	at s (/usr/lib/code/out/vs/workbench/services/extensions/node/extensionHostProcess.js:168:754)
	at Socket.define.constructor._socketDataListener.e (/usr/lib/code/out/vs/workbench/services/extensions/node/extensionHostProcess.js:168:960)
	at Socket.emit (events.js:182:13)
	at addChunk (_stream_readable.js:279:12)
	at readableAddChunk (_stream_readable.js:264:11)
	at Socket.Readable.push (_stream_readable.js:219:10)
	at Pipe.onread (net.js:636:20) jevakallio.vscode-hacker-typer.recordMacro
[2019-03-15 19:37:58.866] [exthost] [error] Error: command 'jevakallio.vscode-hacker-typer.insertNamedStop' already exists
	at d.registerCommand (/usr/lib/code/out/vs/workbench/services/extensions/node/extensionHostProcess.js:456:142)
	at Object.registerCommand (/usr/lib/code/out/vs/workbench/services/extensions/node/extensionHostProcess.js:668:251)
	at new Recorder (/home/mohamed/.vscode-oss/extensions/jevakallio.vscode-hacker-typer-0.1.1/out/Recorder.js:16:49)
	at register (/home/mohamed/.vscode-oss/extensions/jevakallio.vscode-hacker-typer-0.1.1/out/Recorder.js:35:30)
	at d._executeContributedCommand (/usr/lib/code/out/vs/workbench/services/extensions/node/extensionHostProcess.js:457:160)
	at d.$executeContributedCommand (/usr/lib/code/out/vs/workbench/services/extensions/node/extensionHostProcess.js:457:534)
	at h._doInvokeHandler (/usr/lib/code/out/vs/workbench/services/extensions/node/extensionHostProcess.js:593:118)
	at h._invokeHandler (/usr/lib/code/out/vs/workbench/services/extensions/node/extensionHostProcess.js:592:777)
	at h._receiveRequest (/usr/lib/code/out/vs/workbench/services/extensions/node/extensionHostProcess.js:591:436)
	at h._receiveOneMessage (/usr/lib/code/out/vs/workbench/services/extensions/node/extensionHostProcess.js:590:279)
	at define.constructor._protocol.onMessage.e (/usr/lib/code/out/vs/workbench/services/extensions/node/extensionHostProcess.js:588:565)
	at u.fire (/usr/lib/code/out/vs/workbench/services/extensions/node/extensionHostProcess.js:43:254)
	at e (/usr/lib/code/out/vs/workbench/services/extensions/node/extensionHostProcess.js:39:64)
	at u.fire (/usr/lib/code/out/vs/workbench/services/extensions/node/extensionHostProcess.js:43:254)
	at s (/usr/lib/code/out/vs/workbench/services/extensions/node/extensionHostProcess.js:168:754)
	at Socket.define.constructor._socketDataListener.e (/usr/lib/code/out/vs/workbench/services/extensions/node/extensionHostProcess.js:168:960)
	at Socket.emit (events.js:182:13)
	at addChunk (_stream_readable.js:279:12)
	at readableAddChunk (_stream_readable.js:264:11)
	at Socket.Readable.push (_stream_readable.js:219:10)
	at Pipe.onread (net.js:636:20) jevakallio.vscode-hacker-typer.recordMacro
