00:00:00.582906 VirtualBox GUI VM Selector Window 6.0.4 r128164 linux.amd64 (Mar  5 2019 19:56:31) release log
00:00:00.582911 Log opened 2019-03-26T21:55:16.910319000Z
00:00:00.582913 Build Type: release
00:00:00.582917 OS Product: Linux
00:00:00.582920 OS Release: 4.19.30-1-lts
00:00:00.582923 OS Version: #1 SMP Tue Mar 19 17:47:54 CET 2019
00:00:00.582960 DMI Product Name: Precision 5510
00:00:00.582976 DMI Product Version: 
00:00:00.583056 Host RAM: 15851MB (15.4GB) total, 15304MB (14.9GB) available
00:00:00.583064 Executable: /usr/lib/virtualbox/VirtualBox
00:00:00.583066 Process ID: 14246
00:00:00.583067 Package type: LINUX_64BITS_GENERIC (OSE)
00:00:00.583112 Qt version: 5.12.2
00:00:00.659190 GUI: UIMediumEnumerator: Medium-enumeration started...
00:00:01.801870 GUI: UIDesktopWidgetWatchdog::sltHandleHostScreenAvailableGeometryCalculated: Screen 0 work area is actually resized to: -1x17 x 958x1060
00:00:01.901407 Failed to open "/dev/vboxdrv", errno=13, rc=VERR_VM_DRIVER_NOT_ACCESSIBLE
00:00:01.901609 GUI: UIMediumEnumerator: Medium-enumeration finished!
00:00:29.937312 GUI: UIMediumEnumerator: Medium-enumeration finished!
00:00:30.291927 GUI: UIMediumEnumerator: Medium-enumeration finished!
00:00:32.454955 GUI: UIMediumEnumerator: Medium-enumeration finished!
00:00:47.581183 GUI: UIMediumEnumerator: Medium-enumeration finished!
00:00:47.745832 GUI: UIMediumEnumerator: Medium-enumeration finished!
00:00:53.942071 GUI: UIMediumEnumerator: Medium-enumeration finished!
00:00:54.195518 GUI: UIMediumEnumerator: Medium-enumeration finished!
00:00:54.696384 GUI: UIMediumEnumerator: Medium-enumeration finished!
