00:00:00.003080 main     VirtualBox XPCOM Server 6.0.4 r128164 linux.amd64 (Mar  5 2019 19:56:31) release log
00:00:00.003086 main     Log opened 2019-03-26T21:55:16.612121000Z
00:00:00.003088 main     Build Type: release
00:00:00.003093 main     OS Product: Linux
00:00:00.003095 main     OS Release: 4.19.30-1-lts
00:00:00.003098 main     OS Version: #1 SMP Tue Mar 19 17:47:54 CET 2019
00:00:00.003136 main     DMI Product Name: Precision 5510
00:00:00.003159 main     DMI Product Version: 
00:00:00.003238 main     Host RAM: 15851MB (15.4GB) total, 15308MB (14.9GB) available
00:00:00.003247 main     Executable: /usr/lib/virtualbox/VBoxSVC
00:00:00.003248 main     Process ID: 14267
00:00:00.003249 main     Package type: LINUX_64BITS_GENERIC (OSE)
00:00:00.007575 main     IPC socket path: /tmp/.vbox-mohamed-ipc/ipcd
00:00:00.126834 nspr-2   VirtualBox: object creation starts
00:00:00.127849 nspr-2   Home directory: '/home/mohamed/.config/VirtualBox'
00:00:00.128641 nspr-2   Loading settings file "/home/mohamed/.config/VirtualBox/VirtualBox.xml" with version "1.12-linux"
00:00:00.135258 nspr-2   USB: Unknown USB device detected (idVendor: 0x8087, idProduct: 0x0a2b)
00:00:00.135400 nspr-2   Successfully initialised host USB using sysfs
00:00:00.165116 nspr-2   NetIfAdpCtlOut: VBoxNetAdpCtl: Error while retrieving link status for vmnet1: VBoxNetAdpCtl: ioctl failed: Operation not supported
00:00:00.179124 nspr-2   NetIfAdpCtlOut: VBoxNetAdpCtl: Error while retrieving link status for vmnet8: VBoxNetAdpCtl: ioctl failed: Operation not supported
00:00:00.180530 nspr-2   NAT: resolv.conf: nameserver 192.168.1.1
00:00:00.180569 nspr-2   HostDnsMonitor::updateInfo
00:00:00.180604 nspr-2   HostDnsMonitor: old information
00:00:00.180612 nspr-2     no server entries
00:00:00.180619 nspr-2     no domain set
00:00:00.180626 nspr-2     no search string entries
00:00:00.180632 nspr-2   HostDnsMonitor: new information
00:00:00.180639 nspr-2     server 1: 192.168.1.1
00:00:00.180647 nspr-2     no domain set
00:00:00.180653 nspr-2     no search string entries
00:00:00.195176 nspr-2   VD: VDInit finished with VINF_SUCCESS
00:00:00.196470 nspr-2   ERROR [COM]: aRC=NS_ERROR_FAILURE (0x80004005) aIID={d55176e5-6730-4e9e-fc1f-a59b1f44f78f} aComponent={SystemPropertiesWrap} aText={Cannot determine default Guest Additions ISO location. Most likely they are not available}, preserve=false aResultDetail=0
00:00:00.210898 nspr-2   Loading settings file "/home/mohamed/VirtualBox VMs/Kali-Linux-2018.1-vbox-amd64/Kali-Linux-2018.1-vbox-amd64.vbox" with version "1.16-linux"
00:00:00.215129 nspr-2   OCI: Local config file '/home/mohamed/.config/VirtualBox/oci_config' does not exist
00:00:00.215165 nspr-2   OCI: Original config file '/home/mohamed/.oci/config' does not exist
00:00:00.215174 nspr-2   OCI: Reading profiles finished with status NS_OK
00:00:00.215187 nspr-2   ExtPack: Created cloud provider 'OCI' (hrc=NS_OK)
00:00:00.215223 nspr-2   VirtualBox: object created
00:00:05.566731 nspr-3   Load [/usr/lib/virtualbox/ExtensionPacks/Oracle_VM_VirtualBox_Extension_Pack/linux.amd64/VBoxHostWebcam.so] vrc=VINF_SUCCESS
00:00:05.890859 nspr-4   ERROR [COM]: aRC=VBOX_E_IPRT_ERROR (0x80bb0005) aIID={5047460a-265d-4538-b23e-ddba5fb84976} aComponent={SessionMachine} aText={Saved screenshot data is not available (VERR_NOT_SUPPORTED)}, preserve=false aResultDetail=-37
00:00:05.941589 nspr-4   NetIfAdpCtlOut: VBoxNetAdpCtl: Error while retrieving link status for vmnet1: VBoxNetAdpCtl: ioctl failed: Operation not supported
00:00:05.956106 nspr-4   NetIfAdpCtlOut: VBoxNetAdpCtl: Error while retrieving link status for vmnet8: VBoxNetAdpCtl: ioctl failed: Operation not supported
00:00:29.622041 nspr-7   Saving settings file "/home/mohamed/VirtualBox VMs/Kali-Linux-2018.1-vbox-amd64/Kali-Linux-2018.1-vbox-amd64.vbox" with version "1.16-linux"
00:00:29.975945 nspr-6   Saving settings file "/home/mohamed/VirtualBox VMs/Kali-Linux-2018.1-vbox-amd64/Kali-Linux-2018.1-vbox-amd64.vbox" with version "1.16-linux"
00:00:32.141196 nspr-7   Saving settings file "/home/mohamed/VirtualBox VMs/Kali-Linux-2018.1-vbox-amd64/Kali-Linux-2018.1-vbox-amd64.vbox" with version "1.16-linux"
00:00:47.268459 nspr-5   Saving settings file "/home/mohamed/VirtualBox VMs/Kali-Linux-2018.1-vbox-amd64/Kali-Linux-2018.1-vbox-amd64.vbox" with version "1.16-linux"
00:00:47.334358 nspr-7   Saving settings file "/home/mohamed/VirtualBox VMs/Kali-Linux-2018.1-vbox-amd64/Kali-Linux-2018.1-vbox-amd64.vbox" with version "1.16-linux"
00:00:47.377061 nspr-4   Saving settings file "/home/mohamed/VirtualBox VMs/Kali-Linux-2018.1-vbox-amd64/Kali-Linux-2018.1-vbox-amd64.vbox" with version "1.16-linux"
00:00:53.622447 nspr-5   Saving settings file "/home/mohamed/VirtualBox VMs/Kali-Linux-2018.1-vbox-amd64/Kali-Linux-2018.1-vbox-amd64.vbox" with version "1.16-linux"
00:00:53.880614 nspr-4   Saving settings file "/home/mohamed/VirtualBox VMs/Kali-Linux-2018.1-vbox-amd64/Kali-Linux-2018.1-vbox-amd64.vbox" with version "1.16-linux"
00:00:54.381172 nspr-6   Saving settings file "/home/mohamed/VirtualBox VMs/Kali-Linux-2018.1-vbox-amd64/Kali-Linux-2018.1-vbox-amd64.vbox" with version "1.16-linux"
